Started GET "/" for 127.0.0.1 at 2022-07-02 16:51:30 -0600
  [1m[35m (0.9ms)[0m  [1m[34mSELECT sqlite_version(*)[0m
Processing by Rails::WelcomeController#index as HTML
  Rendering /home/pablo/.rbenv/versions/3.1.2/lib/ruby/gems/3.1.0/gems/railties-7.0.3/lib/rails/templates/rails/welcome/index.html.erb
  Rendered /home/pablo/.rbenv/versions/3.1.2/lib/ruby/gems/3.1.0/gems/railties-7.0.3/lib/rails/templates/rails/welcome/index.html.erb (Duration: 1.1ms | Allocations: 644)
Completed 200 OK in 10ms (Views: 3.8ms | ActiveRecord: 0.0ms | Allocations: 5021)


Started GET "/" for 127.0.0.1 at 2022-07-02 16:59:40 -0600
  [1m[35m (0.3ms)[0m  [1m[34mSELECT sqlite_version(*)[0m
Processing by PagesController#home as HTML
  Rendering layout layouts/application.html.erb
  Rendering pages/home.html.erb within layouts/application
  Rendered pages/home.html.erb within layouts/application (Duration: 0.5ms | Allocations: 340)
  Rendered layout layouts/application.html.erb (Duration: 160.5ms | Allocations: 91119)
Completed 200 OK in 165ms (Views: 162.0ms | ActiveRecord: 0.0ms | Allocations: 94435)


Started GET "/about" for 127.0.0.1 at 2022-07-02 16:59:45 -0600
Processing by PagesController#about as HTML
  Rendering layout layouts/application.html.erb
  Rendering pages/about.html.erb within layouts/application
  Rendered pages/about.html.erb within layouts/application (Duration: 0.6ms | Allocations: 142)
  Rendered layout layouts/application.html.erb (Duration: 4.3ms | Allocations: 2667)
Completed 200 OK in 6ms (Views: 5.1ms | ActiveRecord: 0.0ms | Allocations: 3077)


Started GET "/" for ::1 at 2022-08-31 22:38:13 -0600
  [1m[35m (1.4ms)[0m  [1m[34mSELECT sqlite_version(*)[0m
Processing by PagesController#home as HTML
  Rendering layout layouts/application.html.erb
  Rendering pages/home.html.erb within layouts/application
  Rendered pages/home.html.erb within layouts/application (Duration: 1.0ms | Allocations: 448)
  Rendered layout layouts/application.html.erb (Duration: 59.9ms | Allocations: 37639)
Completed 200 OK in 69ms (Views: 63.0ms | ActiveRecord: 0.0ms | Allocations: 42185)


